2023-07-03 01:30:45,484 INFO [main-EventThread] o.a.c.f.state.ConnectionStateManager State change: SUSPENDED
2023-07-03 01:30:47,483 INFO [main-EventThread] o.a.c.f.state.ConnectionStateManager State change: RECONNECTED
2023-07-03 01:30:47,572 INFO [Process Cluster Protocol Request-3] o.a.n.c.p.impl.SocketProtocolListener Finished processing request e76af186-73ee-4c4d-8bae-0465a3cb9f44 (type=HEARTBEAT, length=2234 bytes) from mynifi:8080 in 1 millis
2023-07-03 01:30:47,573 INFO [Clustering Tasks Thread-3] o.a.n.c.c.ClusterProtocolHeartbeater Heartbeat created at 2023-07-02 14:19:07,413 and sent to mynifi:8082 at 2023-07-03 01:30:47,573; send took 2276 millis
2023-07-03 01:30:47,570 INFO [Curator-ConnectionStateManager-0] o.a.n.c.l.e.CuratorLeaderElectionManager org.apache.nifi.controller.leader.election.CuratorLeaderElectionManager$ElectionListener@4e39d6c4 Connection State changed to SUSPENDED
2023-07-03 01:30:47,570 INFO [Heartbeat Monitor Thread-1] o.a.n.c.c.h.AbstractHeartbeatMonitor Finished processing 1 heartbeats in 34532 nanos
2023-07-03 01:30:47,585 INFO [Curator-ConnectionStateManager-0] o.a.n.c.l.e.CuratorLeaderElectionManager Because Connection State was changed to SUSPENDED, will relinquish leadership for role 'Cluster Coordinator'
2023-07-03 01:30:47,590 INFO [Leader Election Notification Thread-1] o.a.n.c.l.e.CuratorLeaderElectionManager org.apache.nifi.controller.leader.election.CuratorLeaderElectionManager$ElectionListener@4e39d6c4 has been interrupted; no longer leader for role 'Cluster Coordinator'
2023-07-03 01:30:47,590 INFO [Leader Election Notification Thread-1] o.a.n.c.l.e.CuratorLeaderElectionManager org.apache.nifi.controller.leader.election.CuratorLeaderElectionManager$ElectionListener@4e39d6c4 This node is no longer leader for role 'Cluster Coordinator'
2023-07-03 01:30:47,591 INFO [Leader Election Notification Thread-1] o.apache.nifi.controller.FlowController This node is no longer the elected Active Cluster Coordinator
2023-07-03 01:30:47,592 INFO [Curator-ConnectionStateManager-0] o.a.n.c.l.e.CuratorLeaderElectionManager org.apache.nifi.controller.leader.election.CuratorLeaderElectionManager$ElectionListener@78a5efc5 Connection State changed to SUSPENDED
2023-07-03 01:30:47,592 INFO [Curator-ConnectionStateManager-0] o.a.n.c.l.e.CuratorLeaderElectionManager Because Connection State was changed to SUSPENDED, will relinquish leadership for role 'Primary Node'
2023-07-03 01:30:47,594 INFO [Leader Election Notification Thread-2] o.a.n.c.l.e.CuratorLeaderElectionManager org.apache.nifi.controller.leader.election.CuratorLeaderElectionManager$ElectionListener@78a5efc5 has been interrupted; no longer leader for role 'Primary Node'
2023-07-03 01:30:47,594 INFO [Leader Election Notification Thread-2] o.a.n.c.l.e.CuratorLeaderElectionManager org.apache.nifi.controller.leader.election.CuratorLeaderElectionManager$ElectionListener@78a5efc5 This node is no longer leader for role 'Primary Node'
2023-07-03 01:30:47,595 INFO [Curator-ConnectionStateManager-0] o.a.n.c.l.e.CuratorLeaderElectionManager org.apache.nifi.controller.leader.election.CuratorLeaderElectionManager$ElectionListener@4e39d6c4 Connection State changed to RECONNECTED
2023-07-03 01:30:47,596 INFO [Curator-ConnectionStateManager-0] o.a.n.c.l.e.CuratorLeaderElectionManager org.apache.nifi.controller.leader.election.CuratorLeaderElectionManager$ElectionListener@78a5efc5 Connection State changed to RECONNECTED
2023-07-03 01:30:47,610 INFO [main-EventThread] o.a.c.framework.imps.EnsembleTracker New config event received: {}
2023-07-03 01:30:47,631 INFO [Leader Election Notification Thread-2] o.apache.nifi.controller.FlowController This node is no longer Primary Node
2023-07-03 01:30:48,827 INFO [Leader Election Notification Thread-4] o.a.n.c.l.e.CuratorLeaderElectionManager org.apache.nifi.controller.leader.election.CuratorLeaderElectionManager$ElectionListener@4e39d6c4 This node has been elected Leader for Role 'Cluster Coordinator'
2023-07-03 01:30:48,828 INFO [Leader Election Notification Thread-4] o.apache.nifi.controller.FlowController This node elected Active Cluster Coordinator
2023-07-03 01:30:48,834 INFO [Leader Election Notification Thread-3] o.a.n.c.l.e.CuratorLeaderElectionManager org.apache.nifi.controller.leader.election.CuratorLeaderElectionManager$ElectionListener@78a5efc5 This node has been elected Leader for Role 'Primary Node'
2023-07-03 01:30:48,835 INFO [Leader Election Notification Thread-3] o.apache.nifi.controller.FlowController This node has been elected Primary Node
2023-07-03 01:30:51,826 INFO [pool-10-thread-1] o.a.n.c.r.WriteAheadFlowFileRepository Initiating checkpoint of FlowFile Repository
2023-07-03 01:30:51,827 INFO [pool-10-thread-1] o.a.n.c.r.WriteAheadFlowFileRepository Successfully checkpointed FlowFile Repository with 0 records in 0 milliseconds
2023-07-03 01:30:52,593 INFO [Process Cluster Protocol Request-4] o.a.n.c.p.impl.SocketProtocolListener Finished processing request 5dd3adf7-a04a-40e9-8a0a-27d6c52260ff (type=HEARTBEAT, length=2234 bytes) from mynifi:8080 in 1 millis
2023-07-03 01:30:52,594 INFO [Clustering Tasks Thread-3] o.a.n.c.c.ClusterProtocolHeartbeater Heartbeat created at 2023-07-03 01:30:52,585 and sent to mynifi:8082 at 2023-07-03 01:30:52,594; send took 8 millis
2023-07-03 01:30:55,241 INFO [Write-Ahead Local State Provider Maintenance] org.wali.MinimalLockingWriteAheadLog org.wali.MinimalLockingWriteAheadLog@1f978bb1 checkpointed with 2 Records and 0 Swap Files in 7 milliseconds (Stop-the-world time = 4 milliseconds, Clear Edit Logs time = 1 millis), max Transaction ID 3
2023-07-03 01:30:56,648 INFO [Cleanup Archive for default] o.a.n.c.repository.FileSystemRepository Successfully deleted 0 files (0 bytes) from archive
2023-07-03 01:30:57,586 INFO [Heartbeat Monitor Thread-1] o.a.n.c.c.h.AbstractHeartbeatMonitor Finished processing 1 heartbeats in 17360 nanos
2023-07-03 01:30:57,599 INFO [Process Cluster Protocol Request-7] o.a.n.c.p.impl.SocketProtocolListener Finished processing request 8b2b75e5-0e9a-427d-9695-9026d1d2658b (type=HEARTBEAT, length=2234 bytes) from mynifi:8080 in 2 millis
2023-07-03 01:30:57,600 INFO [Clustering Tasks Thread-3] o.a.n.c.c.ClusterProtocolHeartbeater Heartbeat created at 2023-07-03 01:30:57,595 and sent to mynifi:8082 at 2023-07-03 01:30:57,600; send took 4 millis
2023-07-03 01:31:02,587 INFO [Heartbeat Monitor Thread-1] o.a.n.c.c.h.AbstractHeartbeatMonitor Finished processing 1 heartbeats in 13058 nanos
2023-07-03 01:31:02,606 INFO [Process Cluster Protocol Request-6] o.a.n.c.p.impl.SocketProtocolListener Finished processing request ed61195c-d4bb-45f0-ae3b-2a9b6d350e13 (type=HEARTBEAT, length=2234 bytes) from mynifi:8080 in 1 millis
2023-07-03 01:31:02,607 INFO [Clustering Tasks Thread-3] o.a.n.c.c.ClusterProtocolHeartbeater Heartbeat created at 2023-07-03 01:31:02,601 and sent to mynifi:8082 at 2023-07-03 01:31:02,607; send took 6 millis
2023-07-03 01:31:07,588 INFO [Heartbeat Monitor Thread-1] o.a.n.c.c.h.AbstractHeartbeatMonitor Finished processing 1 heartbeats in 12164 nanos
2023-07-03 01:31:07,612 INFO [Process Cluster Protocol Request-5] o.a.n.c.p.impl.SocketProtocolListener Finished processing request a3797202-abc3-4309-b80e-f8cdaa5d4bee (type=HEARTBEAT, length=2234 bytes) from mynifi:8080 in 1 millis
2023-07-03 01:31:07,613 INFO [Clustering Tasks Thread-3] o.a.n.c.c.ClusterProtocolHeartbeater Heartbeat created at 2023-07-03 01:31:07,608 and sent to mynifi:8082 at 2023-07-03 01:31:07,613; send took 5 millis
2023-07-03 01:31:11,828 INFO [pool-10-thread-1] o.a.n.c.r.WriteAheadFlowFileRepository Initiating checkpoint of FlowFile Repository
2023-07-03 01:31:11,829 INFO [pool-10-thread-1] o.a.n.c.r.WriteAheadFlowFileRepository Successfully checkpointed FlowFile Repository with 0 records in 0 milliseconds
2023-07-03 01:31:12,589 INFO [Heartbeat Monitor Thread-1] o.a.n.c.c.h.AbstractHeartbeatMonitor Finished processing 1 heartbeats in 30178 nanos
2023-07-03 01:31:12,619 INFO [Process Cluster Protocol Request-8] o.a.n.c.p.impl.SocketProtocolListener Finished processing request c9898b8a-4d2e-4540-bbae-ed9e9d698806 (type=HEARTBEAT, length=2234 bytes) from mynifi:8080 in 2 millis
2023-07-03 01:31:12,620 INFO [Clustering Tasks Thread-2] o.a.n.c.c.ClusterProtocolHeartbeater Heartbeat created at 2023-07-03 01:31:12,615 and sent to mynifi:8082 at 2023-07-03 01:31:12,620; send took 5 millis
2023-07-03 01:31:17,590 INFO [Heartbeat Monitor Thread-1] o.a.n.c.c.h.AbstractHeartbeatMonitor Finished processing 1 heartbeats in 112477 nanos
2023-07-03 01:31:17,627 INFO [Process Cluster Protocol Request-9] o.a.n.c.p.impl.SocketProtocolListener Finished processing request d1d7f709-2359-44ef-9029-56c51ff59485 (type=HEARTBEAT, length=2234 bytes) from mynifi:8080 in 2 millis
2023-07-03 01:31:17,629 INFO [Clustering Tasks Thread-2] o.a.n.c.c.ClusterProtocolHeartbeater Heartbeat created at 2023-07-03 01:31:17,622 and sent to mynifi:8082 at 2023-07-03 01:31:17,629; send took 6 millis
2023-07-03 01:31:22,592 INFO [Heartbeat Monitor Thread-1] o.a.n.c.c.h.AbstractHeartbeatMonitor Finished processing 1 heartbeats in 13607 nanos
2023-07-03 01:31:22,633 INFO [Process Cluster Protocol Request-10] o.a.n.c.p.impl.SocketProtocolListener Finished processing request c1505f19-e5cf-4c9a-9567-b68cd036de78 (type=HEARTBEAT, length=2234 bytes) from mynifi:8080 in 1 millis
2023-07-03 01:31:22,634 INFO [Clustering Tasks Thread-2] o.a.n.c.c.ClusterProtocolHeartbeater Heartbeat created at 2023-07-03 01:31:22,630 and sent to mynifi:8082 at 2023-07-03 01:31:22,634; send took 3 millis
2023-07-03 01:31:27,593 INFO [Heartbeat Monitor Thread-1] o.a.n.c.c.h.AbstractHeartbeatMonitor Finished processing 1 heartbeats in 10718 nanos
2023-07-03 01:31:27,637 INFO [Process Cluster Protocol Request-1] o.a.n.c.p.impl.SocketProtocolListener Finished processing request 29701826-f0b2-4b6b-8289-8c7ad17dd2cd (type=HEARTBEAT, length=2234 bytes) from mynifi:8080 in 1 millis
2023-07-03 01:31:27,638 INFO [Clustering Tasks Thread-2] o.a.n.c.c.ClusterProtocolHeartbeater Heartbeat created at 2023-07-03 01:31:27,635 and sent to mynifi:8082 at 2023-07-03 01:31:27,638; send took 3 millis
2023-07-03 01:31:31,830 INFO [pool-10-thread-1] o.a.n.c.r.WriteAheadFlowFileRepository Initiating checkpoint of FlowFile Repository
2023-07-03 01:31:31,831 INFO [pool-10-thread-1] o.a.n.c.r.WriteAheadFlowFileRepository Successfully checkpointed FlowFile Repository with 0 records in 0 milliseconds
2023-07-03 01:31:32,594 INFO [Heartbeat Monitor Thread-1] o.a.n.c.c.h.AbstractHeartbeatMonitor Finished processing 1 heartbeats in 14619 nanos
2023-07-03 01:31:32,643 INFO [Process Cluster Protocol Request-2] o.a.n.c.p.impl.SocketProtocolListener Finished processing request 132c7fc5-0e59-491d-88b5-57d10202c495 (type=HEARTBEAT, length=2234 bytes) from mynifi:8080 in 1 millis
2023-07-03 01:31:32,644 INFO [Clustering Tasks Thread-2] o.a.n.c.c.ClusterProtocolHeartbeater Heartbeat created at 2023-07-03 01:31:32,639 and sent to mynifi:8082 at 2023-07-03 01:31:32,644; send took 4 millis
2023-07-03 01:31:37,594 INFO [Heartbeat Monitor Thread-1] o.a.n.c.c.h.AbstractHeartbeatMonitor Finished processing 1 heartbeats in 12315 nanos
2023-07-03 01:31:37,651 INFO [Process Cluster Protocol Request-3] o.a.n.c.p.impl.SocketProtocolListener Finished processing request 0274d559-1ffb-4ef6-8795-9ad6456cc8b7 (type=HEARTBEAT, length=2234 bytes) from mynifi:8080 in 3 millis
2023-07-03 01:31:37,654 INFO [Clustering Tasks Thread-2] o.a.n.c.c.ClusterProtocolHeartbeater Heartbeat created at 2023-07-03 01:31:37,645 and sent to mynifi:8082 at 2023-07-03 01:31:37,654; send took 8 millis
2023-07-03 01:31:42,595 INFO [Heartbeat Monitor Thread-1] o.a.n.c.c.h.AbstractHeartbeatMonitor Finished processing 1 heartbeats in 11168 nanos
2023-07-03 01:31:42,667 INFO [Process Cluster Protocol Request-4] o.a.n.c.p.impl.SocketProtocolListener Finished processing request 35004a5e-460d-4d4c-a536-0abea0a88bb8 (type=HEARTBEAT, length=2234 bytes) from mynifi:8080 in 6 millis
2023-07-03 01:31:42,670 INFO [Clustering Tasks Thread-2] o.a.n.c.c.ClusterProtocolHeartbeater Heartbeat created at 2023-07-03 01:31:42,656 and sent to mynifi:8082 at 2023-07-03 01:31:42,670; send took 13 millis
2023-07-03 01:31:45,657 INFO [Heartbeat Monitor Thread-1] o.a.n.c.c.h.AbstractHeartbeatMonitor Finished processing 1 heartbeats in 14055 nanos
2023-07-03 01:31:45,735 INFO [Process Cluster Protocol Request-7] o.a.n.c.p.impl.SocketProtocolListener Finished processing request 96f8d19e-695a-4256-9d4d-a1e9684fd6d6 (type=HEARTBEAT, length=2234 bytes) from mynifi:8080 in 1 millis
2023-07-03 01:31:45,736 INFO [Clustering Tasks Thread-2] o.a.n.c.c.ClusterProtocolHeartbeater Heartbeat created at 2023-07-03 01:31:45,731 and sent to mynifi:8082 at 2023-07-03 01:31:45,736; send took 5 millis
2023-07-03 01:31:49,893 INFO [pool-10-thread-1] o.a.n.c.r.WriteAheadFlowFileRepository Initiating checkpoint of FlowFile Repository
2023-07-03 01:31:49,894 INFO [pool-10-thread-1] o.a.n.c.r.WriteAheadFlowFileRepository Successfully checkpointed FlowFile Repository with 0 records in 0 milliseconds
2023-07-03 01:31:50,658 INFO [Heartbeat Monitor Thread-1] o.a.n.c.c.h.AbstractHeartbeatMonitor Finished processing 1 heartbeats in 10735 nanos
2023-07-03 01:31:50,743 INFO [Process Cluster Protocol Request-6] o.a.n.c.p.impl.SocketProtocolListener Finished processing request c51097ec-10e5-4918-9ab2-138b2bd07de6 (type=HEARTBEAT, length=2234 bytes) from mynifi:8080 in 3 millis
2023-07-03 01:31:50,746 INFO [Clustering Tasks Thread-2] o.a.n.c.c.ClusterProtocolHeartbeater Heartbeat created at 2023-07-03 01:31:50,737 and sent to mynifi:8082 at 2023-07-03 01:31:50,746; send took 8 millis
2023-07-03 01:31:54,734 INFO [Cleanup Archive for default] o.a.n.c.repository.FileSystemRepository Successfully deleted 0 files (0 bytes) from archive
2023-07-03 01:31:55,659 INFO [Heartbeat Monitor Thread-1] o.a.n.c.c.h.AbstractHeartbeatMonitor Finished processing 1 heartbeats in 10808 nanos
2023-07-03 01:31:55,752 INFO [Process Cluster Protocol Request-5] o.a.n.c.p.impl.SocketProtocolListener Finished processing request 5d00cd6a-5d74-450c-a514-6f484079ad29 (type=HEARTBEAT, length=2234 bytes) from mynifi:8080 in 3 millis
2023-07-03 01:31:55,754 INFO [Clustering Tasks Thread-2] o.a.n.c.c.ClusterProtocolHeartbeater Heartbeat created at 2023-07-03 01:31:55,747 and sent to mynifi:8082 at 2023-07-03 01:31:55,754; send took 7 millis
2023-07-03 01:32:00,660 INFO [Heartbeat Monitor Thread-1] o.a.n.c.c.h.AbstractHeartbeatMonitor Finished processing 1 heartbeats in 15324 nanos
2023-07-03 01:32:00,774 INFO [Process Cluster Protocol Request-8] o.a.n.c.p.impl.SocketProtocolListener Finished processing request 5d364b52-a005-429a-839a-9a623f58a6b7 (type=HEARTBEAT, length=2234 bytes) from mynifi:8080 in 15 millis
2023-07-03 01:32:01,272 INFO [Clustering Tasks Thread-2] o.a.n.c.c.ClusterProtocolHeartbeater Heartbeat created at 2023-07-03 01:32:00,755 and sent to mynifi:8082 at 2023-07-03 01:32:01,272; send took 516 millis
2023-07-03 01:32:05,661 INFO [Heartbeat Monitor Thread-1] o.a.n.c.c.h.AbstractHeartbeatMonitor Finished processing 1 heartbeats in 13771 nanos
2023-07-03 01:32:06,277 INFO [Process Cluster Protocol Request-9] o.a.n.c.p.impl.SocketProtocolListener Finished processing request 974094a9-bab2-48a0-9955-41e6ff898f34 (type=HEARTBEAT, length=2234 bytes) from mynifi:8080 in 1 millis
2023-07-03 01:32:06,277 INFO [Clustering Tasks Thread-2] o.a.n.c.c.ClusterProtocolHeartbeater Heartbeat created at 2023-07-03 01:32:06,273 and sent to mynifi:8082 at 2023-07-03 01:32:06,277; send took 4 millis
2023-07-03 01:32:09,895 INFO [pool-10-thread-1] o.a.n.c.r.WriteAheadFlowFileRepository Initiating checkpoint of FlowFile Repository
2023-07-03 01:32:09,896 INFO [pool-10-thread-1] o.a.n.c.r.WriteAheadFlowFileRepository Successfully checkpointed FlowFile Repository with 0 records in 0 milliseconds
2023-07-03 01:32:10,662 INFO [Heartbeat Monitor Thread-1] o.a.n.c.c.h.AbstractHeartbeatMonitor Finished processing 1 heartbeats in 11691 nanos
2023-07-03 01:32:11,284 INFO [Process Cluster Protocol Request-10] o.a.n.c.p.impl.SocketProtocolListener Finished processing request 363999f2-a293-4c6c-a99f-d6977a87939f (type=HEARTBEAT, length=2234 bytes) from mynifi:8080 in 1 millis
2023-07-03 01:32:11,285 INFO [Clustering Tasks Thread-2] o.a.n.c.c.ClusterProtocolHeartbeater Heartbeat created at 2023-07-03 01:32:11,279 and sent to mynifi:8082 at 2023-07-03 01:32:11,285; send took 6 millis
2023-07-03 01:32:15,664 INFO [Heartbeat Monitor Thread-1] o.a.n.c.c.h.AbstractHeartbeatMonitor Finished processing 1 heartbeats in 16261 nanos
2023-07-03 01:32:16,294 INFO [Process Cluster Protocol Request-1] o.a.n.c.p.impl.SocketProtocolListener Finished processing request cd74cbf6-18e2-4504-9138-bc015695ce9a (type=HEARTBEAT, length=2234 bytes) from mynifi:8080 in 2 millis
2023-07-03 01:32:16,295 INFO [Clustering Tasks Thread-2] o.a.n.c.c.ClusterProtocolHeartbeater Heartbeat created at 2023-07-03 01:32:16,287 and sent to mynifi:8082 at 2023-07-03 01:32:16,295; send took 7 millis
2023-07-03 01:32:20,665 INFO [Heartbeat Monitor Thread-1] o.a.n.c.c.h.AbstractHeartbeatMonitor Finished processing 1 heartbeats in 12229 nanos
2023-07-03 01:32:21,300 INFO [Process Cluster Protocol Request-2] o.a.n.c.p.impl.SocketProtocolListener Finished processing request 6997aee1-2b74-4c68-a469-acdf9932e45b (type=HEARTBEAT, length=2234 bytes) from mynifi:8080 in 1 millis
2023-07-03 01:32:21,301 INFO [Clustering Tasks Thread-2] o.a.n.c.c.ClusterProtocolHeartbeater Heartbeat created at 2023-07-03 01:32:21,297 and sent to mynifi:8082 at 2023-07-03 01:32:21,301; send took 4 millis
2023-07-03 01:32:25,666 INFO [Heartbeat Monitor Thread-1] o.a.n.c.c.h.AbstractHeartbeatMonitor Finished processing 1 heartbeats in 12164 nanos
2023-07-03 01:32:26,306 INFO [Process Cluster Protocol Request-3] o.a.n.c.p.impl.SocketProtocolListener Finished processing request 84c9179e-ffd4-44c3-8aae-416f3c781303 (type=HEARTBEAT, length=2234 bytes) from mynifi:8080 in 1 millis
2023-07-03 01:32:26,306 INFO [Clustering Tasks Thread-2] o.a.n.c.c.ClusterProtocolHeartbeater Heartbeat created at 2023-07-03 01:32:26,302 and sent to mynifi:8082 at 2023-07-03 01:32:26,306; send took 4 millis
2023-07-03 01:32:29,898 INFO [pool-10-thread-1] o.a.n.c.r.WriteAheadFlowFileRepository Initiating checkpoint of FlowFile Repository
2023-07-03 01:32:29,899 INFO [pool-10-thread-1] o.a.n.c.r.WriteAheadFlowFileRepository Successfully checkpointed FlowFile Repository with 0 records in 0 milliseconds
2023-07-03 01:32:30,667 INFO [Heartbeat Monitor Thread-1] o.a.n.c.c.h.AbstractHeartbeatMonitor Finished processing 1 heartbeats in 20056 nanos
2023-07-03 01:32:31,311 INFO [Process Cluster Protocol Request-4] o.a.n.c.p.impl.SocketProtocolListener Finished processing request 910bdc5e-b454-4268-b68c-562f290e7460 (type=HEARTBEAT, length=2234 bytes) from mynifi:8080 in 1 millis
2023-07-03 01:32:31,312 INFO [Clustering Tasks Thread-2] o.a.n.c.c.ClusterProtocolHeartbeater Heartbeat created at 2023-07-03 01:32:31,308 and sent to mynifi:8082 at 2023-07-03 01:32:31,312; send took 4 millis
2023-07-03 01:32:35,709 INFO [Heartbeat Monitor Thread-1] o.a.n.c.c.h.AbstractHeartbeatMonitor Finished processing 1 heartbeats in 12527 nanos
2023-07-03 01:32:36,317 INFO [Process Cluster Protocol Request-7] o.a.n.c.p.impl.SocketProtocolListener Finished processing request 79b523d1-cf10-4b58-8a08-e1b603d7ca18 (type=HEARTBEAT, length=2234 bytes) from mynifi:8080 in 1 millis
2023-07-03 01:32:36,318 INFO [Clustering Tasks Thread-2] o.a.n.c.c.ClusterProtocolHeartbeater Heartbeat created at 2023-07-03 01:32:36,314 and sent to mynifi:8082 at 2023-07-03 01:32:36,318; send took 4 millis
2023-07-03 01:32:40,710 INFO [Heartbeat Monitor Thread-1] o.a.n.c.c.h.AbstractHeartbeatMonitor Finished processing 1 heartbeats in 13238 nanos
2023-07-03 01:32:41,326 INFO [Process Cluster Protocol Request-6] o.a.n.c.p.impl.SocketProtocolListener Finished processing request 2b04067f-a7a9-4af4-86cf-8afb2ce25343 (type=HEARTBEAT, length=2234 bytes) from mynifi:8080 in 3 millis
2023-07-03 01:32:41,330 INFO [Clustering Tasks Thread-2] o.a.n.c.c.ClusterProtocolHeartbeater Heartbeat created at 2023-07-03 01:32:41,319 and sent to mynifi:8082 at 2023-07-03 01:32:41,330; send took 10 millis
2023-07-03 01:32:45,711 INFO [Heartbeat Monitor Thread-1] o.a.n.c.c.h.AbstractHeartbeatMonitor Finished processing 1 heartbeats in 12997 nanos
2023-07-03 01:32:46,339 INFO [Process Cluster Protocol Request-5] o.a.n.c.p.impl.SocketProtocolListener Finished processing request b111b27d-f4f6-4b67-9eeb-3426b9adcf72 (type=HEARTBEAT, length=2234 bytes) from mynifi:8080 in 3 millis
2023-07-03 01:32:46,342 INFO [Clustering Tasks Thread-2] o.a.n.c.c.ClusterProtocolHeartbeater Heartbeat created at 2023-07-03 01:32:46,332 and sent to mynifi:8082 at 2023-07-03 01:32:46,342; send took 9 millis
2023-07-03 01:32:49,900 INFO [pool-10-thread-1] o.a.n.c.r.WriteAheadFlowFileRepository Initiating checkpoint of FlowFile Repository
2023-07-03 01:32:49,901 INFO [pool-10-thread-1] o.a.n.c.r.WriteAheadFlowFileRepository Successfully checkpointed FlowFile Repository with 0 records in 0 milliseconds
2023-07-03 01:32:50,713 INFO [Heartbeat Monitor Thread-1] o.a.n.c.c.h.AbstractHeartbeatMonitor Finished processing 1 heartbeats in 12506 nanos
2023-07-03 01:32:51,349 INFO [Process Cluster Protocol Request-8] o.a.n.c.p.impl.SocketProtocolListener Finished processing request 92e90dc4-418f-4744-8533-1230fd5918d7 (type=HEARTBEAT, length=2234 bytes) from mynifi:8080 in 2 millis
2023-07-03 01:32:51,352 INFO [Clustering Tasks Thread-2] o.a.n.c.c.ClusterProtocolHeartbeater Heartbeat created at 2023-07-03 01:32:51,343 and sent to mynifi:8082 at 2023-07-03 01:32:51,352; send took 9 millis
2023-07-03 01:32:53,323 INFO [Write-Ahead Local State Provider Maintenance] org.wali.MinimalLockingWriteAheadLog org.wali.MinimalLockingWriteAheadLog@1f978bb1 checkpointed with 2 Records and 0 Swap Files in 19 milliseconds (Stop-the-world time = 12 milliseconds, Clear Edit Logs time = 3 millis), max Transaction ID 3
2023-07-03 01:32:54,776 INFO [Cleanup Archive for default] o.a.n.c.repository.FileSystemRepository Successfully deleted 0 files (0 bytes) from archive
2023-07-03 01:32:55,714 INFO [Heartbeat Monitor Thread-1] o.a.n.c.c.h.AbstractHeartbeatMonitor Finished processing 1 heartbeats in 14719 nanos
2023-07-03 01:32:56,389 INFO [Process Cluster Protocol Request-9] o.a.n.c.p.impl.SocketProtocolListener Finished processing request c20b6b3d-b5b7-4682-ad51-e1ea81c9f5f7 (type=HEARTBEAT, length=2234 bytes) from mynifi:8080 in 33 millis
2023-07-03 01:32:56,406 INFO [Clustering Tasks Thread-2] o.a.n.c.c.ClusterProtocolHeartbeater Heartbeat created at 2023-07-03 01:32:56,354 and sent to mynifi:8082 at 2023-07-03 01:32:56,406; send took 51 millis
2023-07-03 01:33:00,716 INFO [Heartbeat Monitor Thread-1] o.a.n.c.c.h.AbstractHeartbeatMonitor Finished processing 1 heartbeats in 26833 nanos
2023-07-03 01:33:01,420 INFO [Process Cluster Protocol Request-10] o.a.n.c.p.impl.SocketProtocolListener Finished processing request 38f9ae2b-53d6-45ad-ba59-0ea46439883f (type=HEARTBEAT, length=2234 bytes) from mynifi:8080 in 7 millis
2023-07-03 01:33:01,426 INFO [Clustering Tasks Thread-2] o.a.n.c.c.ClusterProtocolHeartbeater Heartbeat created at 2023-07-03 01:33:01,408 and sent to mynifi:8082 at 2023-07-03 01:33:01,426; send took 18 millis
2023-07-03 01:33:05,717 INFO [Heartbeat Monitor Thread-1] o.a.n.c.c.h.AbstractHeartbeatMonitor Finished processing 1 heartbeats in 32318 nanos
2023-07-03 01:33:06,434 INFO [Process Cluster Protocol Request-1] o.a.n.c.p.impl.SocketProtocolListener Finished processing request bb6cf130-9bd1-4657-80cd-fe84758427a6 (type=HEARTBEAT, length=2234 bytes) from mynifi:8080 in 3 millis
2023-07-03 01:33:06,436 INFO [Clustering Tasks Thread-2] o.a.n.c.c.ClusterProtocolHeartbeater Heartbeat created at 2023-07-03 01:33:06,428 and sent to mynifi:8082 at 2023-07-03 01:33:06,436; send took 7 millis
2023-07-03 01:33:09,902 INFO [pool-10-thread-1] o.a.n.c.r.WriteAheadFlowFileRepository Initiating checkpoint of FlowFile Repository
2023-07-03 01:33:09,903 INFO [pool-10-thread-1] o.a.n.c.r.WriteAheadFlowFileRepository Successfully checkpointed FlowFile Repository with 0 records in 0 milliseconds
2023-07-03 01:33:10,719 INFO [Heartbeat Monitor Thread-1] o.a.n.c.c.h.AbstractHeartbeatMonitor Finished processing 1 heartbeats in 15222 nanos
2023-07-03 01:33:11,442 INFO [Process Cluster Protocol Request-2] o.a.n.c.p.impl.SocketProtocolListener Finished processing request 18bbc94f-c56a-4cde-8b6b-cde96f32543b (type=HEARTBEAT, length=2234 bytes) from mynifi:8080 in 2 millis
2023-07-03 01:33:11,444 INFO [Clustering Tasks Thread-2] o.a.n.c.c.ClusterProtocolHeartbeater Heartbeat created at 2023-07-03 01:33:11,437 and sent to mynifi:8082 at 2023-07-03 01:33:11,444; send took 7 millis
2023-07-03 01:33:15,720 INFO [Heartbeat Monitor Thread-1] o.a.n.c.c.h.AbstractHeartbeatMonitor Finished processing 1 heartbeats in 13696 nanos
2023-07-03 01:33:16,453 INFO [Process Cluster Protocol Request-3] o.a.n.c.p.impl.SocketProtocolListener Finished processing request 6b1bdd2d-dda1-42e9-ba2c-7c92ffe834bf (type=HEARTBEAT, length=2234 bytes) from mynifi:8080 in 2 millis
2023-07-03 01:33:16,457 INFO [Clustering Tasks Thread-1] o.a.n.c.c.ClusterProtocolHeartbeater Heartbeat created at 2023-07-03 01:33:16,446 and sent to mynifi:8082 at 2023-07-03 01:33:16,457; send took 10 millis
2023-07-03 01:33:20,722 INFO [Heartbeat Monitor Thread-1] o.a.n.c.c.h.AbstractHeartbeatMonitor Finished processing 1 heartbeats in 13131 nanos
2023-07-03 01:33:21,466 INFO [Process Cluster Protocol Request-4] o.a.n.c.p.impl.SocketProtocolListener Finished processing request 8936c233-d001-4d31-9a27-f863f5618d12 (type=HEARTBEAT, length=2234 bytes) from mynifi:8080 in 3 millis
2023-07-03 01:33:21,470 INFO [Clustering Tasks Thread-1] o.a.n.c.c.ClusterProtocolHeartbeater Heartbeat created at 2023-07-03 01:33:21,458 and sent to mynifi:8082 at 2023-07-03 01:33:21,470; send took 11 millis
2023-07-03 01:33:25,724 INFO [Heartbeat Monitor Thread-1] o.a.n.c.c.h.AbstractHeartbeatMonitor Finished processing 1 heartbeats in 12151 nanos
2023-07-03 01:33:26,480 INFO [Process Cluster Protocol Request-7] o.a.n.c.p.impl.SocketProtocolListener Finished processing request c1ba953b-e40c-47ff-ac1b-0a2e7c1e34fc (type=HEARTBEAT, length=2234 bytes) from mynifi:8080 in 4 millis
2023-07-03 01:33:26,484 INFO [Clustering Tasks Thread-1] o.a.n.c.c.ClusterProtocolHeartbeater Heartbeat created at 2023-07-03 01:33:26,472 and sent to mynifi:8082 at 2023-07-03 01:33:26,484; send took 12 millis
2023-07-03 01:33:29,903 INFO [pool-10-thread-1] o.a.n.c.r.WriteAheadFlowFileRepository Initiating checkpoint of FlowFile Repository
2023-07-03 01:33:29,904 INFO [pool-10-thread-1] o.a.n.c.r.WriteAheadFlowFileRepository Successfully checkpointed FlowFile Repository with 0 records in 0 milliseconds
2023-07-03 01:33:30,725 INFO [Heartbeat Monitor Thread-1] o.a.n.c.c.h.AbstractHeartbeatMonitor Finished processing 1 heartbeats in 16331 nanos
2023-07-03 01:33:31,491 INFO [Process Cluster Protocol Request-6] o.a.n.c.p.impl.SocketProtocolListener Finished processing request 43220b7c-3895-46cc-a830-8a420edd04a9 (type=HEARTBEAT, length=2234 bytes) from mynifi:8080 in 3 millis
2023-07-03 01:33:31,494 INFO [Clustering Tasks Thread-1] o.a.n.c.c.ClusterProtocolHeartbeater Heartbeat created at 2023-07-03 01:33:31,486 and sent to mynifi:8082 at 2023-07-03 01:33:31,494; send took 8 millis
2023-07-03 01:33:35,730 INFO [Heartbeat Monitor Thread-1] o.a.n.c.c.h.AbstractHeartbeatMonitor Finished processing 1 heartbeats in 16097 nanos
2023-07-03 01:33:36,510 INFO [Process Cluster Protocol Request-5] o.a.n.c.p.impl.SocketProtocolListener Finished processing request a90eb4be-b22a-4f0a-a2b0-5c695797a5e6 (type=HEARTBEAT, length=2234 bytes) from mynifi:8080 in 6 millis
2023-07-03 01:33:36,515 INFO [Clustering Tasks Thread-1] o.a.n.c.c.ClusterProtocolHeartbeater Heartbeat created at 2023-07-03 01:33:36,500 and sent to mynifi:8082 at 2023-07-03 01:33:36,515; send took 15 millis
2023-07-03 01:33:40,732 INFO [Heartbeat Monitor Thread-1] o.a.n.c.c.h.AbstractHeartbeatMonitor Finished processing 1 heartbeats in 14520 nanos
2023-07-03 01:33:41,550 INFO [Process Cluster Protocol Request-8] o.a.n.c.p.impl.SocketProtocolListener Finished processing request 5f202a24-1c86-486c-b6a8-e3e64b837845 (type=HEARTBEAT, length=2234 bytes) from mynifi:8080 in 16 millis
2023-07-03 01:33:41,561 INFO [Clustering Tasks Thread-1] o.a.n.c.c.ClusterProtocolHeartbeater Heartbeat created at 2023-07-03 01:33:41,516 and sent to mynifi:8082 at 2023-07-03 01:33:41,561; send took 44 millis
2023-07-03 01:33:45,733 INFO [Heartbeat Monitor Thread-1] o.a.n.c.c.h.AbstractHeartbeatMonitor Finished processing 1 heartbeats in 17400 nanos
2023-07-03 01:33:46,568 INFO [Process Cluster Protocol Request-9] o.a.n.c.p.impl.SocketProtocolListener Finished processing request 477232e9-5fb9-43a2-8630-23e65a4b3552 (type=HEARTBEAT, length=2234 bytes) from mynifi:8080 in 4 millis
2023-07-03 01:33:46,571 INFO [Clustering Tasks Thread-1] o.a.n.c.c.ClusterProtocolHeartbeater Heartbeat created at 2023-07-03 01:33:46,561 and sent to mynifi:8082 at 2023-07-03 01:33:46,571; send took 9 millis
2023-07-03 01:33:49,904 INFO [pool-10-thread-1] o.a.n.c.r.WriteAheadFlowFileRepository Initiating checkpoint of FlowFile Repository
2023-07-03 01:33:49,906 INFO [pool-10-thread-1] o.a.n.c.r.WriteAheadFlowFileRepository Successfully checkpointed FlowFile Repository with 0 records in 0 milliseconds
2023-07-03 01:33:50,735 INFO [Heartbeat Monitor Thread-1] o.a.n.c.c.h.AbstractHeartbeatMonitor Finished processing 1 heartbeats in 13681 nanos
2023-07-03 01:33:51,579 INFO [Process Cluster Protocol Request-10] o.a.n.c.p.impl.SocketProtocolListener Finished processing request 96ecb780-9a48-41e7-9248-2a2baca99d81 (type=HEARTBEAT, length=2234 bytes) from mynifi:8080 in 4 millis
2023-07-03 01:33:51,583 INFO [Clustering Tasks Thread-1] o.a.n.c.c.ClusterProtocolHeartbeater Heartbeat created at 2023-07-03 01:33:51,572 and sent to mynifi:8082 at 2023-07-03 01:33:51,583; send took 10 millis
2023-07-03 01:33:55,030 INFO [Cleanup Archive for default] o.a.n.c.repository.FileSystemRepository Successfully deleted 0 files (0 bytes) from archive
2023-07-03 01:33:55,737 INFO [Heartbeat Monitor Thread-1] o.a.n.c.c.h.AbstractHeartbeatMonitor Finished processing 1 heartbeats in 15829 nanos
2023-07-03 01:33:56,591 INFO [Process Cluster Protocol Request-1] o.a.n.c.p.impl.SocketProtocolListener Finished processing request 03852624-2441-4f64-81d8-c2b1f759ad82 (type=HEARTBEAT, length=2234 bytes) from mynifi:8080 in 2 millis
2023-07-03 01:33:56,594 INFO [Clustering Tasks Thread-1] o.a.n.c.c.ClusterProtocolHeartbeater Heartbeat created at 2023-07-03 01:33:56,585 and sent to mynifi:8082 at 2023-07-03 01:33:56,594; send took 8 millis
2023-07-03 01:34:00,739 INFO [Heartbeat Monitor Thread-1] o.a.n.c.c.h.AbstractHeartbeatMonitor Finished processing 1 heartbeats in 14249 nanos
2023-07-03 01:34:01,601 INFO [Process Cluster Protocol Request-2] o.a.n.c.p.impl.SocketProtocolListener Finished processing request 477c1889-bc1d-4f77-b119-b2472e72074b (type=HEARTBEAT, length=2234 bytes) from mynifi:8080 in 4 millis
2023-07-03 01:34:01,606 INFO [Clustering Tasks Thread-1] o.a.n.c.c.ClusterProtocolHeartbeater Heartbeat created at 2023-07-03 01:34:01,595 and sent to mynifi:8082 at 2023-07-03 01:34:01,606; send took 10 millis
2023-07-03 01:34:05,740 INFO [Heartbeat Monitor Thread-1] o.a.n.c.c.h.AbstractHeartbeatMonitor Finished processing 1 heartbeats in 12949 nanos
2023-07-03 01:34:06,614 INFO [Process Cluster Protocol Request-3] o.a.n.c.p.impl.SocketProtocolListener Finished processing request 2fe8d15f-3a2e-49ec-964a-d196461f326d (type=HEARTBEAT, length=2234 bytes) from mynifi:8080 in 4 millis
2023-07-03 01:34:06,618 INFO [Clustering Tasks Thread-1] o.a.n.c.c.ClusterProtocolHeartbeater Heartbeat created at 2023-07-03 01:34:06,607 and sent to mynifi:8082 at 2023-07-03 01:34:06,618; send took 10 millis
2023-07-03 01:34:09,907 INFO [pool-10-thread-1] o.a.n.c.r.WriteAheadFlowFileRepository Initiating checkpoint of FlowFile Repository
2023-07-03 01:34:09,908 INFO [pool-10-thread-1] o.a.n.c.r.WriteAheadFlowFileRepository Successfully checkpointed FlowFile Repository with 0 records in 0 milliseconds
2023-07-03 01:34:10,741 INFO [Heartbeat Monitor Thread-1] o.a.n.c.c.h.AbstractHeartbeatMonitor Finished processing 1 heartbeats in 13584 nanos
2023-07-03 01:34:11,624 INFO [Process Cluster Protocol Request-4] o.a.n.c.p.impl.SocketProtocolListener Finished processing request 4f034d60-0d74-4fe5-bdb5-425556f45e8d (type=HEARTBEAT, length=2234 bytes) from mynifi:8080 in 2 millis
2023-07-03 01:34:11,627 INFO [Clustering Tasks Thread-1] o.a.n.c.c.ClusterProtocolHeartbeater Heartbeat created at 2023-07-03 01:34:11,619 and sent to mynifi:8082 at 2023-07-03 01:34:11,627; send took 7 millis
2023-07-03 01:34:15,742 INFO [Heartbeat Monitor Thread-1] o.a.n.c.c.h.AbstractHeartbeatMonitor Finished processing 1 heartbeats in 12135 nanos
2023-07-03 01:34:16,636 INFO [Process Cluster Protocol Request-7] o.a.n.c.p.impl.SocketProtocolListener Finished processing request 0e77ec7e-bbba-4725-bead-d77a6215484d (type=HEARTBEAT, length=2234 bytes) from mynifi:8080 in 4 millis
2023-07-03 01:34:16,638 INFO [Clustering Tasks Thread-1] o.a.n.c.c.ClusterProtocolHeartbeater Heartbeat created at 2023-07-03 01:34:16,628 and sent to mynifi:8082 at 2023-07-03 01:34:16,638; send took 10 millis
2023-07-03 01:34:20,743 INFO [Heartbeat Monitor Thread-1] o.a.n.c.c.h.AbstractHeartbeatMonitor Finished processing 1 heartbeats in 12086 nanos
2023-07-03 01:34:21,644 INFO [Process Cluster Protocol Request-6] o.a.n.c.p.impl.SocketProtocolListener Finished processing request d419399a-48a0-4d51-91b7-2335be422029 (type=HEARTBEAT, length=2234 bytes) from mynifi:8080 in 2 millis
2023-07-03 01:34:21,648 INFO [Clustering Tasks Thread-1] o.a.n.c.c.ClusterProtocolHeartbeater Heartbeat created at 2023-07-03 01:34:21,640 and sent to mynifi:8082 at 2023-07-03 01:34:21,648; send took 8 millis
2023-07-03 01:34:25,745 INFO [Heartbeat Monitor Thread-1] o.a.n.c.c.h.AbstractHeartbeatMonitor Finished processing 1 heartbeats in 16440 nanos
2023-07-03 01:34:26,770 INFO [Process Cluster Protocol Request-5] o.a.n.c.p.impl.SocketProtocolListener Finished processing request 096c6a1b-2764-44a9-bad3-83bb694b6dbe (type=HEARTBEAT, length=2234 bytes) from mynifi:8080 in 3 millis
2023-07-03 01:34:26,772 INFO [Clustering Tasks Thread-1] o.a.n.c.c.ClusterProtocolHeartbeater Heartbeat created at 2023-07-03 01:34:26,650 and sent to mynifi:8082 at 2023-07-03 01:34:26,772; send took 122 millis
2023-07-03 01:34:29,909 INFO [pool-10-thread-1] o.a.n.c.r.WriteAheadFlowFileRepository Initiating checkpoint of FlowFile Repository
2023-07-03 01:34:29,910 INFO [pool-10-thread-1] o.a.n.c.r.WriteAheadFlowFileRepository Successfully checkpointed FlowFile Repository with 0 records in 0 milliseconds
2023-07-03 01:34:30,746 INFO [Heartbeat Monitor Thread-1] o.a.n.c.c.h.AbstractHeartbeatMonitor Finished processing 1 heartbeats in 11882 nanos
2023-07-03 01:34:31,778 INFO [Process Cluster Protocol Request-8] o.a.n.c.p.impl.SocketProtocolListener Finished processing request a8f3f46f-6ce8-4207-a409-6a732b02438c (type=HEARTBEAT, length=2234 bytes) from mynifi:8080 in 2 millis
2023-07-03 01:34:31,781 INFO [Clustering Tasks Thread-1] o.a.n.c.c.ClusterProtocolHeartbeater Heartbeat created at 2023-07-03 01:34:31,774 and sent to mynifi:8082 at 2023-07-03 01:34:31,781; send took 6 millis
2023-07-03 01:34:35,747 INFO [Heartbeat Monitor Thread-1] o.a.n.c.c.h.AbstractHeartbeatMonitor Finished processing 1 heartbeats in 12409 nanos
2023-07-03 01:34:36,877 INFO [Process Cluster Protocol Request-9] o.a.n.c.p.impl.SocketProtocolListener Finished processing request d7cb45cb-d2f4-45e5-8537-b1f21233d4a7 (type=HEARTBEAT, length=2234 bytes) from mynifi:8080 in 1 millis
2023-07-03 01:34:36,878 INFO [Clustering Tasks Thread-1] o.a.n.c.c.ClusterProtocolHeartbeater Heartbeat created at 2023-07-03 01:34:36,782 and sent to mynifi:8082 at 2023-07-03 01:34:36,878; send took 95 millis
2023-07-03 01:34:40,748 INFO [Heartbeat Monitor Thread-1] o.a.n.c.c.h.AbstractHeartbeatMonitor Finished processing 1 heartbeats in 24139 nanos
2023-07-03 01:34:41,883 INFO [Process Cluster Protocol Request-10] o.a.n.c.p.impl.SocketProtocolListener Finished processing request fec77091-e2d6-4945-aa0d-35a3fb2c9b1c (type=HEARTBEAT, length=2234 bytes) from mynifi:8080 in 1 millis
2023-07-03 01:34:41,885 INFO [Clustering Tasks Thread-1] o.a.n.c.c.ClusterProtocolHeartbeater Heartbeat created at 2023-07-03 01:34:41,879 and sent to mynifi:8082 at 2023-07-03 01:34:41,885; send took 5 millis
2023-07-03 01:34:45,749 INFO [Heartbeat Monitor Thread-1] o.a.n.c.c.h.AbstractHeartbeatMonitor Finished processing 1 heartbeats in 18576 nanos
2023-07-03 01:34:46,892 INFO [Process Cluster Protocol Request-1] o.a.n.c.p.impl.SocketProtocolListener Finished processing request 7b6d3a5d-96c5-4661-aa59-d291303323a7 (type=HEARTBEAT, length=2234 bytes) from mynifi:8080 in 1 millis
2023-07-03 01:34:46,895 INFO [Clustering Tasks Thread-1] o.a.n.c.c.ClusterProtocolHeartbeater Heartbeat created at 2023-07-03 01:34:46,886 and sent to mynifi:8082 at 2023-07-03 01:34:46,895; send took 9 millis
2023-07-03 01:34:49,911 INFO [pool-10-thread-1] o.a.n.c.r.WriteAheadFlowFileRepository Initiating checkpoint of FlowFile Repository
2023-07-03 01:34:49,912 INFO [pool-10-thread-1] o.a.n.c.r.WriteAheadFlowFileRepository Successfully checkpointed FlowFile Repository with 0 records in 0 milliseconds
2023-07-03 01:34:50,751 INFO [Heartbeat Monitor Thread-1] o.a.n.c.c.h.AbstractHeartbeatMonitor Finished processing 1 heartbeats in 16952 nanos
2023-07-03 01:34:51,901 INFO [Process Cluster Protocol Request-2] o.a.n.c.p.impl.SocketProtocolListener Finished processing request a1fefaaa-11e7-4893-80ff-82b0f97eb8f7 (type=HEARTBEAT, length=2234 bytes) from mynifi:8080 in 1 millis
2023-07-03 01:34:51,902 INFO [Clustering Tasks Thread-1] o.a.n.c.c.ClusterProtocolHeartbeater Heartbeat created at 2023-07-03 01:34:51,897 and sent to mynifi:8082 at 2023-07-03 01:34:51,902; send took 5 millis
2023-07-03 01:34:53,329 INFO [Write-Ahead Local State Provider Maintenance] org.wali.MinimalLockingWriteAheadLog org.wali.MinimalLockingWriteAheadLog@1f978bb1 checkpointed with 2 Records and 0 Swap Files in 6 milliseconds (Stop-the-world time = 2 milliseconds, Clear Edit Logs time = 0 millis), max Transaction ID 3
2023-07-03 01:34:55,041 INFO [Cleanup Archive for default] o.a.n.c.repository.FileSystemRepository Successfully deleted 0 files (0 bytes) from archive
2023-07-03 01:34:55,752 INFO [Heartbeat Monitor Thread-1] o.a.n.c.c.h.AbstractHeartbeatMonitor Finished processing 1 heartbeats in 15013 nanos
2023-07-03 01:34:56,907 INFO [Process Cluster Protocol Request-3] o.a.n.c.p.impl.SocketProtocolListener Finished processing request 3beef320-9c48-4286-b2d1-046fe6bbc41c (type=HEARTBEAT, length=2234 bytes) from mynifi:8080 in 1 millis
2023-07-03 01:34:56,907 INFO [Clustering Tasks Thread-1] o.a.n.c.c.ClusterProtocolHeartbeater Heartbeat created at 2023-07-03 01:34:56,903 and sent to mynifi:8082 at 2023-07-03 01:34:56,907; send took 4 millis
2023-07-03 01:35:00,753 INFO [Heartbeat Monitor Thread-1] o.a.n.c.c.h.AbstractHeartbeatMonitor Finished processing 1 heartbeats in 14572 nanos
2023-07-03 01:35:01,913 INFO [Process Cluster Protocol Request-4] o.a.n.c.p.impl.SocketProtocolListener Finished processing request 1757ebd5-a2fb-4a85-a301-704f89597c43 (type=HEARTBEAT, length=2234 bytes) from mynifi:8080 in 1 millis
2023-07-03 01:35:01,914 INFO [Clustering Tasks Thread-1] o.a.n.c.c.ClusterProtocolHeartbeater Heartbeat created at 2023-07-03 01:35:01,909 and sent to mynifi:8082 at 2023-07-03 01:35:01,914; send took 4 millis
2023-07-03 01:35:05,754 INFO [Heartbeat Monitor Thread-1] o.a.n.c.c.h.AbstractHeartbeatMonitor Finished processing 1 heartbeats in 12417 nanos
2023-07-03 01:35:06,918 INFO [Process Cluster Protocol Request-7] o.a.n.c.p.impl.SocketProtocolListener Finished processing request e9b643bb-610f-4c4e-8407-ddd4ea05f3d1 (type=HEARTBEAT, length=2234 bytes) from mynifi:8080 in 1 millis
2023-07-03 01:35:06,921 INFO [Clustering Tasks Thread-2] o.a.n.c.c.ClusterProtocolHeartbeater Heartbeat created at 2023-07-03 01:35:06,915 and sent to mynifi:8082 at 2023-07-03 01:35:06,921; send took 5 millis
2023-07-03 01:35:09,913 INFO [pool-10-thread-1] o.a.n.c.r.WriteAheadFlowFileRepository Initiating checkpoint of FlowFile Repository
2023-07-03 01:35:09,914 INFO [pool-10-thread-1] o.a.n.c.r.WriteAheadFlowFileRepository Successfully checkpointed FlowFile Repository with 0 records in 0 milliseconds
2023-07-03 01:35:10,755 INFO [Heartbeat Monitor Thread-1] o.a.n.c.c.h.AbstractHeartbeatMonitor Finished processing 1 heartbeats in 12209 nanos
2023-07-03 01:35:11,927 INFO [Process Cluster Protocol Request-6] o.a.n.c.p.impl.SocketProtocolListener Finished processing request d9fe6077-0948-4eeb-a27a-7245ca27e7bb (type=HEARTBEAT, length=2234 bytes) from mynifi:8080 in 1 millis
2023-07-03 01:35:11,929 INFO [Clustering Tasks Thread-2] o.a.n.c.c.ClusterProtocolHeartbeater Heartbeat created at 2023-07-03 01:35:11,922 and sent to mynifi:8082 at 2023-07-03 01:35:11,929; send took 7 millis
2023-07-03 01:35:15,755 INFO [Heartbeat Monitor Thread-1] o.a.n.c.c.h.AbstractHeartbeatMonitor Finished processing 1 heartbeats in 14069 nanos
2023-07-03 01:35:16,936 INFO [Process Cluster Protocol Request-5] o.a.n.c.p.impl.SocketProtocolListener Finished processing request 73f46e02-cd8c-4344-a1a4-d12d26ac7761 (type=HEARTBEAT, length=2234 bytes) from mynifi:8080 in 2 millis
2023-07-03 01:35:16,937 INFO [Clustering Tasks Thread-2] o.a.n.c.c.ClusterProtocolHeartbeater Heartbeat created at 2023-07-03 01:35:16,930 and sent to mynifi:8082 at 2023-07-03 01:35:16,937; send took 7 millis
2023-07-03 01:35:20,756 INFO [Heartbeat Monitor Thread-1] o.a.n.c.c.h.AbstractHeartbeatMonitor Finished processing 1 heartbeats in 13172 nanos
2023-07-03 01:35:21,944 INFO [Process Cluster Protocol Request-8] o.a.n.c.p.impl.SocketProtocolListener Finished processing request 4ef75f63-091d-4454-a309-16d1669a34d5 (type=HEARTBEAT, length=2234 bytes) from mynifi:8080 in 1 millis
2023-07-03 01:35:21,944 INFO [Clustering Tasks Thread-2] o.a.n.c.c.ClusterProtocolHeartbeater Heartbeat created at 2023-07-03 01:35:21,939 and sent to mynifi:8082 at 2023-07-03 01:35:21,944; send took 5 millis
2023-07-03 01:35:25,757 INFO [Heartbeat Monitor Thread-1] o.a.n.c.c.h.AbstractHeartbeatMonitor Finished processing 1 heartbeats in 15013 nanos
2023-07-03 01:35:26,952 INFO [Process Cluster Protocol Request-9] o.a.n.c.p.impl.SocketProtocolListener Finished processing request d246ba2f-1c0e-4aa8-964e-de18f5580e67 (type=HEARTBEAT, length=2234 bytes) from mynifi:8080 in 3 millis
2023-07-03 01:35:26,955 INFO [Clustering Tasks Thread-2] o.a.n.c.c.ClusterProtocolHeartbeater Heartbeat created at 2023-07-03 01:35:26,946 and sent to mynifi:8082 at 2023-07-03 01:35:26,955; send took 9 millis
2023-07-03 01:35:29,913 INFO [pool-10-thread-1] o.a.n.c.r.WriteAheadFlowFileRepository Initiating checkpoint of FlowFile Repository
2023-07-03 01:35:29,914 INFO [pool-10-thread-1] o.a.n.c.r.WriteAheadFlowFileRepository Successfully checkpointed FlowFile Repository with 0 records in 0 milliseconds
2023-07-03 01:35:30,759 INFO [Heartbeat Monitor Thread-1] o.a.n.c.c.h.AbstractHeartbeatMonitor Finished processing 1 heartbeats in 16181 nanos
2023-07-03 01:35:31,962 INFO [Process Cluster Protocol Request-10] o.a.n.c.p.impl.SocketProtocolListener Finished processing request 24e8e5e8-0abe-485a-95b8-fdb1a5cfdb5f (type=HEARTBEAT, length=2234 bytes) from mynifi:8080 in 3 millis
2023-07-03 01:35:31,964 INFO [Clustering Tasks Thread-2] o.a.n.c.c.ClusterProtocolHeartbeater Heartbeat created at 2023-07-03 01:35:31,956 and sent to mynifi:8082 at 2023-07-03 01:35:31,964; send took 7 millis
2023-07-03 01:35:35,761 INFO [Heartbeat Monitor Thread-1] o.a.n.c.c.h.AbstractHeartbeatMonitor Finished processing 1 heartbeats in 14582 nanos
2023-07-03 01:35:36,970 INFO [Process Cluster Protocol Request-1] o.a.n.c.p.impl.SocketProtocolListener Finished processing request ace0b8b7-ddac-408d-ad83-71b315eda33a (type=HEARTBEAT, length=2234 bytes) from mynifi:8080 in 1 millis
2023-07-03 01:35:36,970 INFO [Clustering Tasks Thread-2] o.a.n.c.c.ClusterProtocolHeartbeater Heartbeat created at 2023-07-03 01:35:36,965 and sent to mynifi:8082 at 2023-07-03 01:35:36,970; send took 4 millis
2023-07-03 01:35:40,762 INFO [Heartbeat Monitor Thread-1] o.a.n.c.c.h.AbstractHeartbeatMonitor Finished processing 1 heartbeats in 11992 nanos
2023-07-03 01:35:41,978 INFO [Process Cluster Protocol Request-2] o.a.n.c.p.impl.SocketProtocolListener Finished processing request 537b344f-7ec2-420d-97e2-db99d3251d29 (type=HEARTBEAT, length=2234 bytes) from mynifi:8080 in 2 millis
2023-07-03 01:35:41,978 INFO [Clustering Tasks Thread-2] o.a.n.c.c.ClusterProtocolHeartbeater Heartbeat created at 2023-07-03 01:35:41,972 and sent to mynifi:8082 at 2023-07-03 01:35:41,978; send took 6 millis
2023-07-03 01:35:45,764 INFO [Heartbeat Monitor Thread-1] o.a.n.c.c.h.AbstractHeartbeatMonitor Finished processing 1 heartbeats in 12661 nanos
2023-07-03 01:35:47,115 INFO [Process Cluster Protocol Request-3] o.a.n.c.p.impl.SocketProtocolListener Finished processing request f0b923a7-6b2a-4255-8537-e28e0fe0d2c4 (type=HEARTBEAT, length=2234 bytes) from mynifi:8080 in 2 millis
2023-07-03 01:35:47,118 INFO [Clustering Tasks Thread-2] o.a.n.c.c.ClusterProtocolHeartbeater Heartbeat created at 2023-07-03 01:35:47,109 and sent to mynifi:8082 at 2023-07-03 01:35:47,118; send took 8 millis
2023-07-03 01:35:49,916 INFO [pool-10-thread-1] o.a.n.c.r.WriteAheadFlowFileRepository Initiating checkpoint of FlowFile Repository
2023-07-03 01:35:49,917 INFO [pool-10-thread-1] o.a.n.c.r.WriteAheadFlowFileRepository Successfully checkpointed FlowFile Repository with 0 records in 0 milliseconds
2023-07-03 01:35:50,765 INFO [Heartbeat Monitor Thread-1] o.a.n.c.c.h.AbstractHeartbeatMonitor Finished processing 1 heartbeats in 14653 nanos
2023-07-03 01:35:52,126 INFO [Process Cluster Protocol Request-4] o.a.n.c.p.impl.SocketProtocolListener Finished processing request 2e6f2733-cf35-47c3-b1dc-f637a1d7d275 (type=HEARTBEAT, length=2234 bytes) from mynifi:8080 in 1 millis
2023-07-03 01:35:52,127 INFO [Clustering Tasks Thread-2] o.a.n.c.c.ClusterProtocolHeartbeater Heartbeat created at 2023-07-03 01:35:52,119 and sent to mynifi:8082 at 2023-07-03 01:35:52,127; send took 8 millis
2023-07-03 01:35:55,140 INFO [Cleanup Archive for default] o.a.n.c.repository.FileSystemRepository Successfully deleted 0 files (0 bytes) from archive
2023-07-03 01:35:55,766 INFO [Heartbeat Monitor Thread-1] o.a.n.c.c.h.AbstractHeartbeatMonitor Finished processing 1 heartbeats in 12598 nanos
2023-07-03 01:35:57,134 INFO [Process Cluster Protocol Request-7] o.a.n.c.p.impl.SocketProtocolListener Finished processing request 859f3fb4-f085-4ac9-832e-667ea3108300 (type=HEARTBEAT, length=2234 bytes) from mynifi:8080 in 2 millis
2023-07-03 01:35:57,136 INFO [Clustering Tasks Thread-2] o.a.n.c.c.ClusterProtocolHeartbeater Heartbeat created at 2023-07-03 01:35:57,129 and sent to mynifi:8082 at 2023-07-03 01:35:57,136; send took 7 millis
2023-07-03 01:36:00,767 INFO [Heartbeat Monitor Thread-1] o.a.n.c.c.h.AbstractHeartbeatMonitor Finished processing 1 heartbeats in 20667 nanos
2023-07-03 01:36:02,146 INFO [Process Cluster Protocol Request-6] o.a.n.c.p.impl.SocketProtocolListener Finished processing request 03fa57e7-ba66-4a51-a4c1-387875195d1d (type=HEARTBEAT, length=2234 bytes) from mynifi:8080 in 3 millis
2023-07-03 01:36:02,149 INFO [Clustering Tasks Thread-2] o.a.n.c.c.ClusterProtocolHeartbeater Heartbeat created at 2023-07-03 01:36:02,137 and sent to mynifi:8082 at 2023-07-03 01:36:02,149; send took 11 millis
2023-07-03 01:36:05,769 INFO [Heartbeat Monitor Thread-1] o.a.n.c.c.h.AbstractHeartbeatMonitor Finished processing 1 heartbeats in 24454 nanos
2023-07-03 01:36:07,155 INFO [Process Cluster Protocol Request-5] o.a.n.c.p.impl.SocketProtocolListener Finished processing request 19b27361-5475-4625-8381-2dd3fb112e9e (type=HEARTBEAT, length=2234 bytes) from mynifi:8080 in 2 millis
2023-07-03 01:36:07,156 INFO [Clustering Tasks Thread-2] o.a.n.c.c.ClusterProtocolHeartbeater Heartbeat created at 2023-07-03 01:36:07,151 and sent to mynifi:8082 at 2023-07-03 01:36:07,156; send took 5 millis
2023-07-03 01:36:09,918 INFO [pool-10-thread-1] o.a.n.c.r.WriteAheadFlowFileRepository Initiating checkpoint of FlowFile Repository
2023-07-03 01:36:09,920 INFO [pool-10-thread-1] o.a.n.c.r.WriteAheadFlowFileRepository Successfully checkpointed FlowFile Repository with 0 records in 0 milliseconds
2023-07-03 01:36:10,770 INFO [Heartbeat Monitor Thread-1] o.a.n.c.c.h.AbstractHeartbeatMonitor Finished processing 1 heartbeats in 15113 nanos
2023-07-03 01:36:12,162 INFO [Process Cluster Protocol Request-8] o.a.n.c.p.impl.SocketProtocolListener Finished processing request 3df1b1dd-4686-4db2-a0c6-710b8b95bbf7 (type=HEARTBEAT, length=2234 bytes) from mynifi:8080 in 1 millis
2023-07-03 01:36:12,163 INFO [Clustering Tasks Thread-2] o.a.n.c.c.ClusterProtocolHeartbeater Heartbeat created at 2023-07-03 01:36:12,158 and sent to mynifi:8082 at 2023-07-03 01:36:12,163; send took 4 millis
2023-07-03 01:36:15,608 INFO [Heartbeat Monitor Thread-1] o.a.n.c.c.h.AbstractHeartbeatMonitor Finished processing 1 heartbeats in 17392 nanos
2023-07-03 01:36:17,006 INFO [Process Cluster Protocol Request-9] o.a.n.c.p.impl.SocketProtocolListener Finished processing request e0aad688-fa03-4ca2-8f04-41fcbe65d692 (type=HEARTBEAT, length=2234 bytes) from mynifi:8080 in 2 millis
2023-07-03 01:36:17,007 INFO [Clustering Tasks Thread-2] o.a.n.c.c.ClusterProtocolHeartbeater Heartbeat created at 2023-07-03 01:36:17,002 and sent to mynifi:8082 at 2023-07-03 01:36:17,007; send took 5 millis
2023-07-03 01:36:20,609 INFO [Heartbeat Monitor Thread-1] o.a.n.c.c.h.AbstractHeartbeatMonitor Finished processing 1 heartbeats in 15361 nanos
2023-07-03 01:36:22,013 INFO [Process Cluster Protocol Request-10] o.a.n.c.p.impl.SocketProtocolListener Finished processing request 7d3bf572-4801-4576-9ec6-e0e981aa6534 (type=HEARTBEAT, length=2234 bytes) from mynifi:8080 in 1 millis
2023-07-03 01:36:22,015 INFO [Clustering Tasks Thread-2] o.a.n.c.c.ClusterProtocolHeartbeater Heartbeat created at 2023-07-03 01:36:22,009 and sent to mynifi:8082 at 2023-07-03 01:36:22,015; send took 5 millis
2023-07-03 01:36:25,611 INFO [Heartbeat Monitor Thread-1] o.a.n.c.c.h.AbstractHeartbeatMonitor Finished processing 1 heartbeats in 16161 nanos
2023-07-03 01:36:27,020 INFO [Process Cluster Protocol Request-1] o.a.n.c.p.impl.SocketProtocolListener Finished processing request eba41fe0-33bd-41ed-bced-3c26b42a37f1 (type=HEARTBEAT, length=2234 bytes) from mynifi:8080 in 1 millis
2023-07-03 01:36:27,020 INFO [Clustering Tasks Thread-2] o.a.n.c.c.ClusterProtocolHeartbeater Heartbeat created at 2023-07-03 01:36:27,016 and sent to mynifi:8082 at 2023-07-03 01:36:27,020; send took 4 millis
2023-07-03 01:36:29,757 INFO [pool-10-thread-1] o.a.n.c.r.WriteAheadFlowFileRepository Initiating checkpoint of FlowFile Repository
2023-07-03 01:36:29,758 INFO [pool-10-thread-1] o.a.n.c.r.WriteAheadFlowFileRepository Successfully checkpointed FlowFile Repository with 0 records in 0 milliseconds
2023-07-03 01:36:30,612 INFO [Heartbeat Monitor Thread-1] o.a.n.c.c.h.AbstractHeartbeatMonitor Finished processing 1 heartbeats in 13716 nanos
2023-07-03 01:36:32,028 INFO [Process Cluster Protocol Request-2] o.a.n.c.p.impl.SocketProtocolListener Finished processing request 570386fd-19ce-4029-bf01-cfdeeee06c3d (type=HEARTBEAT, length=2234 bytes) from mynifi:8080 in 2 millis
2023-07-03 01:36:32,029 INFO [Clustering Tasks Thread-2] o.a.n.c.c.ClusterProtocolHeartbeater Heartbeat created at 2023-07-03 01:36:32,022 and sent to mynifi:8082 at 2023-07-03 01:36:32,029; send took 6 millis
2023-07-03 01:36:35,614 INFO [Heartbeat Monitor Thread-1] o.a.n.c.c.h.AbstractHeartbeatMonitor Finished processing 1 heartbeats in 15870 nanos
2023-07-03 01:36:37,037 INFO [Process Cluster Protocol Request-3] o.a.n.c.p.impl.SocketProtocolListener Finished processing request fdf43850-bd84-43f8-aa34-d748efa40b41 (type=HEARTBEAT, length=2234 bytes) from mynifi:8080 in 2 millis
2023-07-03 01:36:37,038 INFO [Clustering Tasks Thread-2] o.a.n.c.c.ClusterProtocolHeartbeater Heartbeat created at 2023-07-03 01:36:37,031 and sent to mynifi:8082 at 2023-07-03 01:36:37,038; send took 7 millis
2023-07-03 01:36:40,615 INFO [Heartbeat Monitor Thread-1] o.a.n.c.c.h.AbstractHeartbeatMonitor Finished processing 1 heartbeats in 16066 nanos
2023-07-03 01:36:42,048 INFO [Process Cluster Protocol Request-4] o.a.n.c.p.impl.SocketProtocolListener Finished processing request 3c81f4dd-1ab6-4ff2-9722-ed14bc9b07f2 (type=HEARTBEAT, length=2234 bytes) from mynifi:8080 in 6 millis
2023-07-03 01:36:42,053 INFO [Clustering Tasks Thread-2] o.a.n.c.c.ClusterProtocolHeartbeater Heartbeat created at 2023-07-03 01:36:42,040 and sent to mynifi:8082 at 2023-07-03 01:36:42,053; send took 13 millis
2023-07-03 01:36:45,575 INFO [Heartbeat Monitor Thread-1] o.a.n.c.c.h.AbstractHeartbeatMonitor Finished processing 1 heartbeats in 13597 nanos
2023-07-03 01:36:47,021 INFO [Process Cluster Protocol Request-7] o.a.n.c.p.impl.SocketProtocolListener Finished processing request d9c5df69-cadc-42d1-966d-40e80a2b1c0c (type=HEARTBEAT, length=2234 bytes) from mynifi:8080 in 3 millis
2023-07-03 01:36:47,027 INFO [Clustering Tasks Thread-2] o.a.n.c.c.ClusterProtocolHeartbeater Heartbeat created at 2023-07-03 01:36:47,014 and sent to mynifi:8082 at 2023-07-03 01:36:47,027; send took 12 millis
2023-07-03 01:36:49,718 INFO [pool-10-thread-1] o.a.n.c.r.WriteAheadFlowFileRepository Initiating checkpoint of FlowFile Repository
2023-07-03 01:36:49,719 INFO [pool-10-thread-1] o.a.n.c.r.WriteAheadFlowFileRepository Successfully checkpointed FlowFile Repository with 0 records in 0 milliseconds
2023-07-03 01:36:50,577 INFO [Heartbeat Monitor Thread-1] o.a.n.c.c.h.AbstractHeartbeatMonitor Finished processing 1 heartbeats in 13260 nanos
2023-07-03 01:36:52,035 INFO [Process Cluster Protocol Request-6] o.a.n.c.p.impl.SocketProtocolListener Finished processing request deef83a0-8476-43dd-9ee4-2a725321daad (type=HEARTBEAT, length=2234 bytes) from mynifi:8080 in 3 millis
2023-07-03 01:36:52,037 INFO [Clustering Tasks Thread-2] o.a.n.c.c.ClusterProtocolHeartbeater Heartbeat created at 2023-07-03 01:36:52,028 and sent to mynifi:8082 at 2023-07-03 01:36:52,037; send took 8 millis
2023-07-03 01:36:53,305 INFO [Write-Ahead Local State Provider Maintenance] org.wali.MinimalLockingWriteAheadLog org.wali.MinimalLockingWriteAheadLog@1f978bb1 checkpointed with 2 Records and 0 Swap Files in 180 milliseconds (Stop-the-world time = 17 milliseconds, Clear Edit Logs time = 3 millis), max Transaction ID 3
2023-07-03 01:36:54,959 INFO [Cleanup Archive for default] o.a.n.c.repository.FileSystemRepository Successfully deleted 0 files (0 bytes) from archive
2023-07-03 01:36:55,578 INFO [Heartbeat Monitor Thread-1] o.a.n.c.c.h.AbstractHeartbeatMonitor Finished processing 1 heartbeats in 12078 nanos
2023-07-03 01:36:57,315 INFO [Process Cluster Protocol Request-5] o.a.n.c.p.impl.SocketProtocolListener Finished processing request 7fa89a09-9894-4143-a246-273817674478 (type=HEARTBEAT, length=2234 bytes) from mynifi:8080 in 2 millis
2023-07-03 01:36:57,319 INFO [Clustering Tasks Thread-2] o.a.n.c.c.ClusterProtocolHeartbeater Heartbeat created at 2023-07-03 01:36:57,038 and sent to mynifi:8082 at 2023-07-03 01:36:57,319; send took 280 millis
2023-07-03 01:37:00,580 INFO [Heartbeat Monitor Thread-1] o.a.n.c.c.h.AbstractHeartbeatMonitor Finished processing 1 heartbeats in 12136 nanos
2023-07-03 01:37:02,326 INFO [Process Cluster Protocol Request-8] o.a.n.c.p.impl.SocketProtocolListener Finished processing request 5e752eb8-50f6-4469-9975-8122ac25312a (type=HEARTBEAT, length=2234 bytes) from mynifi:8080 in 1 millis
2023-07-03 01:37:02,327 INFO [Clustering Tasks Thread-3] o.a.n.c.c.ClusterProtocolHeartbeater Heartbeat created at 2023-07-03 01:37:02,320 and sent to mynifi:8082 at 2023-07-03 01:37:02,326; send took 6 millis
2023-07-03 01:37:05,581 INFO [Heartbeat Monitor Thread-1] o.a.n.c.c.h.AbstractHeartbeatMonitor Finished processing 1 heartbeats in 11546 nanos
2023-07-03 01:37:07,394 INFO [Process Cluster Protocol Request-9] o.a.n.c.p.impl.SocketProtocolListener Finished processing request a81d766e-3553-47d9-a9be-d701884b77e7 (type=HEARTBEAT, length=2234 bytes) from mynifi:8080 in 2 millis
2023-07-03 01:37:07,396 INFO [Clustering Tasks Thread-3] o.a.n.c.c.ClusterProtocolHeartbeater Heartbeat created at 2023-07-03 01:37:07,328 and sent to mynifi:8082 at 2023-07-03 01:37:07,396; send took 68 millis
2023-07-03 01:37:09,720 INFO [pool-10-thread-1] o.a.n.c.r.WriteAheadFlowFileRepository Initiating checkpoint of FlowFile Repository
2023-07-03 01:37:09,721 INFO [pool-10-thread-1] o.a.n.c.r.WriteAheadFlowFileRepository Successfully checkpointed FlowFile Repository with 0 records in 0 milliseconds
2023-07-03 01:37:10,582 INFO [Heartbeat Monitor Thread-1] o.a.n.c.c.h.AbstractHeartbeatMonitor Finished processing 1 heartbeats in 11106 nanos
2023-07-03 01:37:12,402 INFO [Process Cluster Protocol Request-10] o.a.n.c.p.impl.SocketProtocolListener Finished processing request 7fb24158-c003-480c-9c05-14867580bb79 (type=HEARTBEAT, length=2234 bytes) from mynifi:8080 in 2 millis
2023-07-03 01:37:12,403 INFO [Clustering Tasks Thread-3] o.a.n.c.c.ClusterProtocolHeartbeater Heartbeat created at 2023-07-03 01:37:12,397 and sent to mynifi:8082 at 2023-07-03 01:37:12,403; send took 5 millis
2023-07-03 01:37:15,569 INFO [Heartbeat Monitor Thread-1] o.a.n.c.c.h.AbstractHeartbeatMonitor Finished processing 1 heartbeats in 12719 nanos
2023-07-03 01:37:17,393 INFO [Process Cluster Protocol Request-1] o.a.n.c.p.impl.SocketProtocolListener Finished processing request 55ac9152-1d1b-4463-8168-3b3d83b7770c (type=HEARTBEAT, length=2234 bytes) from mynifi:8080 in 1 millis
2023-07-03 01:37:17,394 INFO [Clustering Tasks Thread-3] o.a.n.c.c.ClusterProtocolHeartbeater Heartbeat created at 2023-07-03 01:37:17,390 and sent to mynifi:8082 at 2023-07-03 01:37:17,394; send took 3 millis
2023-07-03 01:37:20,570 INFO [Heartbeat Monitor Thread-1] o.a.n.c.c.h.AbstractHeartbeatMonitor Finished processing 1 heartbeats in 14147 nanos
2023-07-03 01:37:22,400 INFO [Process Cluster Protocol Request-2] o.a.n.c.p.impl.SocketProtocolListener Finished processing request 2d7d62c5-e644-4d9e-b9cd-6e0e610b86a4 (type=HEARTBEAT, length=2234 bytes) from mynifi:8080 in 2 millis
2023-07-03 01:37:22,402 INFO [Clustering Tasks Thread-2] o.a.n.c.c.ClusterProtocolHeartbeater Heartbeat created at 2023-07-03 01:37:22,396 and sent to mynifi:8082 at 2023-07-03 01:37:22,402; send took 6 millis
2023-07-03 01:37:25,571 INFO [Heartbeat Monitor Thread-1] o.a.n.c.c.h.AbstractHeartbeatMonitor Finished processing 1 heartbeats in 14984 nanos
2023-07-03 01:37:27,412 INFO [Process Cluster Protocol Request-3] o.a.n.c.p.impl.SocketProtocolListener Finished processing request db0709ed-ce80-4842-a852-581d3362f1e5 (type=HEARTBEAT, length=2234 bytes) from mynifi:8080 in 4 millis
2023-07-03 01:37:27,415 INFO [Clustering Tasks Thread-2] o.a.n.c.c.ClusterProtocolHeartbeater Heartbeat created at 2023-07-03 01:37:27,403 and sent to mynifi:8082 at 2023-07-03 01:37:27,415; send took 11 millis
2023-07-03 01:37:29,707 INFO [pool-10-thread-1] o.a.n.c.r.WriteAheadFlowFileRepository Initiating checkpoint of FlowFile Repository
2023-07-03 01:37:29,708 INFO [pool-10-thread-1] o.a.n.c.r.WriteAheadFlowFileRepository Successfully checkpointed FlowFile Repository with 0 records in 0 milliseconds
2023-07-03 01:37:30,573 INFO [Heartbeat Monitor Thread-1] o.a.n.c.c.h.AbstractHeartbeatMonitor Finished processing 1 heartbeats in 22645 nanos
2023-07-03 01:37:32,423 INFO [Process Cluster Protocol Request-4] o.a.n.c.p.impl.SocketProtocolListener Finished processing request e5d9cc4e-e776-4cb1-9877-598ae43c8749 (type=HEARTBEAT, length=2234 bytes) from mynifi:8080 in 3 millis
2023-07-03 01:37:32,425 INFO [Clustering Tasks Thread-2] o.a.n.c.c.ClusterProtocolHeartbeater Heartbeat created at 2023-07-03 01:37:32,417 and sent to mynifi:8082 at 2023-07-03 01:37:32,425; send took 7 millis
2023-07-03 01:37:35,575 INFO [Heartbeat Monitor Thread-1] o.a.n.c.c.h.AbstractHeartbeatMonitor Finished processing 1 heartbeats in 23548 nanos
2023-07-03 01:37:37,433 INFO [Process Cluster Protocol Request-7] o.a.n.c.p.impl.SocketProtocolListener Finished processing request 80db0cc2-668d-4aea-a33d-f1967363949f (type=HEARTBEAT, length=2234 bytes) from mynifi:8080 in 3 millis
2023-07-03 01:37:37,436 INFO [Clustering Tasks Thread-1] o.a.n.c.c.ClusterProtocolHeartbeater Heartbeat created at 2023-07-03 01:37:37,427 and sent to mynifi:8082 at 2023-07-03 01:37:37,436; send took 9 millis
2023-07-03 01:37:40,576 INFO [Heartbeat Monitor Thread-1] o.a.n.c.c.h.AbstractHeartbeatMonitor Finished processing 1 heartbeats in 27685 nanos
2023-07-03 01:37:42,443 INFO [Process Cluster Protocol Request-6] o.a.n.c.p.impl.SocketProtocolListener Finished processing request e0fad87a-a1f4-45d2-ba57-c18abd0edab8 (type=HEARTBEAT, length=2234 bytes) from mynifi:8080 in 2 millis
2023-07-03 01:37:42,444 INFO [Clustering Tasks Thread-1] o.a.n.c.c.ClusterProtocolHeartbeater Heartbeat created at 2023-07-03 01:37:42,438 and sent to mynifi:8082 at 2023-07-03 01:37:42,444; send took 6 millis
2023-07-03 01:37:45,589 INFO [Heartbeat Monitor Thread-1] o.a.n.c.c.h.AbstractHeartbeatMonitor Finished processing 1 heartbeats in 12431 nanos
2023-07-03 01:37:47,462 INFO [Process Cluster Protocol Request-5] o.a.n.c.p.impl.SocketProtocolListener Finished processing request 01be6867-1bb7-4813-8741-8ea9e98e6a89 (type=HEARTBEAT, length=2234 bytes) from mynifi:8080 in 2 millis
2023-07-03 01:37:47,464 INFO [Clustering Tasks Thread-1] o.a.n.c.c.ClusterProtocolHeartbeater Heartbeat created at 2023-07-03 01:37:47,457 and sent to mynifi:8082 at 2023-07-03 01:37:47,464; send took 6 millis
2023-07-03 01:37:49,720 INFO [pool-10-thread-1] o.a.n.c.r.WriteAheadFlowFileRepository Initiating checkpoint of FlowFile Repository
2023-07-03 01:37:49,722 INFO [pool-10-thread-1] o.a.n.c.r.WriteAheadFlowFileRepository Successfully checkpointed FlowFile Repository with 0 records in 0 milliseconds
2023-07-03 01:37:50,590 INFO [Heartbeat Monitor Thread-1] o.a.n.c.c.h.AbstractHeartbeatMonitor Finished processing 1 heartbeats in 12279 nanos
2023-07-03 01:37:52,468 INFO [Process Cluster Protocol Request-8] o.a.n.c.p.impl.SocketProtocolListener Finished processing request cecd02fc-b2fa-4928-8d2c-b4a05721c8fa (type=HEARTBEAT, length=2234 bytes) from mynifi:8080 in 1 millis
2023-07-03 01:37:52,469 INFO [Clustering Tasks Thread-1] o.a.n.c.c.ClusterProtocolHeartbeater Heartbeat created at 2023-07-03 01:37:52,465 and sent to mynifi:8082 at 2023-07-03 01:37:52,469; send took 3 millis
2023-07-03 01:37:57,349 INFO [Heartbeat Monitor Thread-1] o.a.n.c.c.h.AbstractHeartbeatMonitor Finished processing 1 heartbeats in 12658 nanos
2023-07-03 01:37:57,365 INFO [Cleanup Archive for default] o.a.n.c.repository.FileSystemRepository Successfully deleted 0 files (0 bytes) from archive
